<?xml version="1.0" encoding="UTF-8"?>
<testsuite name="sample.ArithmeticTest" tests="1" skipped="0" failures="0" errors="0" timestamp="2022-12-10T17:32:08" hostname="Joshs-MacBook-Pro.local" time="0.012">
  <properties/>
  <testcase name="sum()" classname="sample.ArithmeticTest" time="0.012"/>
  <system-out><![CDATA[]]></system-out>
  <system-err><![CDATA[]]></system-err>
</testsuite>
